Log file open, 11/26/19 14:51:08
LogWindows: Failed to load 'aqProf.dll' (GetLastError=126)
LogWindows: File 'aqProf.dll' does not exist
LogWindows: Failed to load 'VtuneApi.dll' (GetLastError=126)
LogWindows: File 'VtuneApi.dll' does not exist
LogWindows: Failed to load 'VtuneApi32e.dll' (GetLastError=126)
LogWindows: File 'VtuneApi32e.dll' does not exist
LogConsoleResponse: Display: Failed to find resolution value strings in scalability ini. Falling back to default.
LogInit: Display: Running engine for game: StealthProject
LogPlatformFile: Not using cached read wrapper
LogTaskGraph: Started task graph with 5 named threads and 71 total threads with 3 sets of task threads.
LogStats: Stats thread started at 0.108791
LogD3D11RHI: Loaded GFSDK_Aftermath_Lib.x64.dll
LogICUInternationalization: ICU TimeZone Detection - Raw Offset: -5:00, Platform Override: ''
LogPluginManager: Mounting plugin Paper2D
LogPluginManager: Mounting plugin AISupport
LogPluginManager: Mounting plugin LightPropagationVolume
LogPluginManager: Mounting plugin ActorLayerUtilities
LogPluginManager: Mounting plugin AnimationSharing
LogPluginManager: Mounting plugin CLionSourceCodeAccess
LogPluginManager: Mounting plugin CodeLiteSourceCodeAccess
LogPluginManager: Mounting plugin GitSourceControl
LogPluginManager: Mounting plugin KDevelopSourceCodeAccess
LogPluginManager: Mounting plugin NullSourceCodeAccess
LogPluginManager: Mounting plugin PerforceSourceControl
LogPluginManager: Mounting plugin SubversionSourceControl
LogPluginManager: Mounting plugin UObjectPlugin
LogPluginManager: Mounting plugin VisualStudioCodeSourceCodeAccess
LogPluginManager: Mounting plugin VisualStudioSourceCodeAccess
LogPluginManager: Mounting plugin XCodeSourceCodeAccess
LogPluginManager: Mounting plugin AssetManagerEditor
LogPluginManager: Mounting plugin CryptoKeys
LogPluginManager: Mounting plugin CurveEditorTools
LogPluginManager: Mounting plugin DataValidation
LogPluginManager: Mounting plugin FacialAnimation
LogPluginManager: Mounting plugin GameplayTagsEditor
LogPluginManager: Mounting plugin MacGraphicsSwitching
LogPluginManager: Mounting plugin MaterialAnalyzer
LogPluginManager: Mounting plugin MobileLauncherProfileWizard
LogPluginManager: Mounting plugin PluginBrowser
LogPluginManager: Mounting plugin SpeedTreeImporter
LogPluginManager: Mounting plugin DatasmithContent
LogPluginManager: Mounting plugin VariantManagerContent
LogPluginManager: Mounting plugin AlembicImporter
LogPluginManager: Mounting plugin AutomationUtils
LogPluginManager: Mounting plugin BackChannel
LogPluginManager: Mounting plugin CharacterAI
LogPluginManager: Mounting plugin GeometryCache
LogPluginManager: Mounting plugin HTML5Networking
LogPluginManager: Mounting plugin PlatformCrypto
LogPluginManager: Mounting plugin ProxyLODPlugin
LogPluginManager: Mounting plugin SkeletalReduction
LogPluginManager: Mounting plugin MagicLeap
LogPluginManager: Mounting plugin MagicLeapMedia
LogPluginManager: Mounting plugin AndroidMedia
LogPluginManager: Mounting plugin AvfMedia
LogPluginManager: Mounting plugin ImgMedia
LogPluginManager: Mounting plugin MediaCompositing
LogPluginManager: Mounting plugin MediaPlayerEditor
LogPluginManager: Mounting plugin WebMMedia
LogPluginManager: Mounting plugin WmfMedia
LogPluginManager: Mounting plugin TcpMessaging
LogPluginManager: Mounting plugin UdpMessaging
LogPluginManager: Mounting plugin ActorSequence
LogPluginManager: Mounting plugin LevelSequenceEditor
LogPluginManager: Mounting plugin MatineeToLevelSequence
LogPluginManager: Mounting plugin NetcodeUnitTest
LogPluginManager: Mounting plugin NUTUnrealEngine4
LogPluginManager: Mounting plugin OnlineSubsystemGooglePlay
LogPluginManager: Mounting plugin OnlineSubsystemIOS
LogPluginManager: Mounting plugin OnlineSubsystem
LogPluginManager: Mounting plugin OnlineSubsystemNull
LogPluginManager: Mounting plugin OnlineSubsystemUtils
LogPluginManager: Mounting plugin LauncherChunkInstaller
LogPluginManager: Mounting plugin AndroidDeviceProfileSelector
LogPluginManager: Mounting plugin AndroidMoviePlayer
LogPluginManager: Mounting plugin AndroidPermission
LogPluginManager: Mounting plugin AppleImageUtils
LogPluginManager: Mounting plugin AppleMoviePlayer
LogPluginManager: Mounting plugin ArchVisCharacter
LogPluginManager: Mounting plugin AudioCapture
LogPluginManager: Mounting plugin CableComponent
LogPluginManager: Mounting plugin CustomMeshComponent
LogPluginManager: Mounting plugin EditableMesh
LogPluginManager: Mounting plugin ExampleDeviceProfileSelector
LogPluginManager: Mounting plugin GoogleCloudMessaging
LogPluginManager: Mounting plugin IOSDeviceProfileSelector
LogPluginManager: Mounting plugin LinuxDeviceProfileSelector
LogPluginManager: Mounting plugin LocationServicesBPLibrary
LogPluginManager: Mounting plugin MobilePatchingUtils
LogPluginManager: Mounting plugin OculusVR
LogPluginManager: Mounting plugin PhysXVehicles
LogPluginManager: Mounting plugin ProceduralMeshComponent
LogPluginManager: Mounting plugin RuntimePhysXCooking
LogPluginManager: Mounting plugin SignificanceManager
LogPluginManager: Mounting plugin SteamVR
LogPluginManager: Mounting plugin WebMMoviePlayer
LogPluginManager: Mounting plugin WindowsMoviePlayer
LogPluginManager: Mounting plugin ScreenshotTools
LogPluginManager: Mounting plugin FMODStudio
LogInit: Using libcurl 7.55.1-DEV
LogInit:  - built for x86_64-pc-win32
LogInit:  - supports SSL with OpenSSL/1.1.1
LogInit:  - supports HTTP deflate (compression) using libz 1.2.8
LogInit:  - other features:
LogInit:      CURL_VERSION_SSL
LogInit:      CURL_VERSION_LIBZ
LogInit:      CURL_VERSION_IPV6
LogInit:      CURL_VERSION_ASYNCHDNS
LogInit:      CURL_VERSION_LARGEFILE
LogInit:      CURL_VERSION_IDN
LogInit:  CurlRequestOptions (configurable via config and command line):
LogInit:  - bVerifyPeer = true  - Libcurl will verify peer certificate
LogInit:  - bUseHttpProxy = false  - Libcurl will NOT use HTTP proxy
LogInit:  - bDontReuseConnections = false  - Libcurl will reuse connections
LogInit:  - MaxHostConnections = 16  - Libcurl will limit the number of connections to a host
LogInit:  - LocalHostAddr = Default
LogInit:  - BufferSize = 65536
LogOnline: OSS: Creating online subsystem instance for: NULL
LogInit: WinSock: version 1.1 (2.2), MaxSocks=32767, MaxUdp=65467
LogInit: Build: ++UE4+Release-4.23-CL-8386587
LogInit: Engine Version: 4.23.0-8386587+++UE4+Release-4.23
LogInit: Compatible Engine Version: 4.23.0-8386587+++UE4+Release-4.23
LogInit: Net CL: 8386587
LogInit: OS: Windows 10 (Release 1809) (), CPU:       Intel(R) Xeon(R) CPU E5-2697 v2 @ 2.70GHz, GPU: AMD FirePro D700 (FireGL V)
LogInit: Compiled (64-bit): Aug 31 2019 02:04:44
LogInit: Compiled with Visual C++: 19.16.27030.01
LogInit: Build Configuration: Development
LogInit: Branch Name: ++UE4+Release-4.23
LogInit: Command Line: 
LogInit: Base Directory: C:/Program Files/Epic Games/UE_4.23/Engine/Binaries/Win64/
LogInit: Installed Engine Build: 1
LogDevObjectVersion: Number of dev versions registered: 23
LogDevObjectVersion:   Dev-Blueprints (B0D832E4-1F89-4F0D-ACCF-7EB736FD4AA2): 10
LogDevObjectVersion:   Dev-Build (E1C64328-A22C-4D53-A36C-8E866417BD8C): 0
LogDevObjectVersion:   Dev-Core (375EC13C-06E4-48FB-B500-84F0262A717E): 3
LogDevObjectVersion:   Dev-Editor (E4B068ED-F494-42E9-A231-DA0B2E46BB41): 34
LogDevObjectVersion:   Dev-Framework (CFFC743F-43B0-4480-9391-14DF171D2073): 35
LogDevObjectVersion:   Dev-Mobile (B02B49B5-BB20-44E9-A304-32B752E40360): 2
LogDevObjectVersion:   Dev-Networking (A4E4105C-59A1-49B5-A7C5-40C4547EDFEE): 0
LogDevObjectVersion:   Dev-Online (39C831C9-5AE6-47DC-9A44-9C173E1C8E7C): 0
LogDevObjectVersion:   Dev-Physics (78F01B33-EBEA-4F98-B9B4-84EACCB95AA2): 0
LogDevObjectVersion:   Dev-Platform (6631380F-2D4D-43E0-8009-CF276956A95A): 0
LogDevObjectVersion:   Dev-Rendering (12F88B9F-8875-4AFC-A67C-D90C383ABD29): 31
LogDevObjectVersion:   Dev-Sequencer (7B5AE74C-D270-4C10-A958-57980B212A5A): 11
LogDevObjectVersion:   Dev-VR (D7296918-1DD6-4BDD-9DE2-64A83CC13884): 2
LogDevObjectVersion:   Dev-LoadTimes (C2A15278-BFE7-4AFE-6C17-90FF531DF755): 1
LogDevObjectVersion:   Private-Geometry (6EACA3D4-40EC-4CC1-B786-8BED09428FC5): 3
LogDevObjectVersion:   Dev-AnimPhys (29E575DD-E0A3-4627-9D10-D276232CDCEA): 17
LogDevObjectVersion:   Dev-Anim (AF43A65D-7FD3-4947-9873-3E8ED9C1BB05): 2
LogDevObjectVersion:   Dev-ReflectionCapture (6B266CEC-1EC7-4B8F-A30B-E4D90942FC07): 1
LogDevObjectVersion:   Dev-Automation (0DF73D61-A23F-47EA-B727-89E90C41499A): 1
LogDevObjectVersion:   FortniteMain (601D1886-AC64-4F84-AA16-D3DE0DEAC7D6): 27
LogDevObjectVersion:   Dev-Enterprise (9DFFBCD6-494F-0158-E221-12823C92A888): 6
LogDevObjectVersion:   Dev-Niagara (F2AED0AC-9AFE-416F-8664-AA7FFA26D6FC): 1
LogDevObjectVersion:   Dev-Destruction (174F1F0B-B4C6-45A5-B13F-2EE8D0FB917D): 9
LogInit: Presizing for max 16777216 objects, including 0 objects not considered by GC, pre-allocating 0 bytes for permanent pool.
LogInit: Object subsystem initialized
LogConfig: Setting CVar [[con.DebugEarlyDefault:1]]
LogConfig: Setting CVar [[r.setres:1280x720]]
[2019.11.26-19.51.08:639][  0]LogConfig: Setting CVar [[r.VSync:0]]
[2019.11.26-19.51.08:639][  0]LogConfig: Setting CVar [[r.RHICmdBypass:0]]
[2019.11.26-19.51.08:639][  0]LogConfig: Applying CVar settings from Section [/Script/Engine.RendererSettings] File [C:/Users/Graphic.SJH519-000W/Documents/GitHub/GameJam4/StealthProject/Saved/Config/Windows/Engine.ini]
[2019.11.26-19.51.08:639][  0]LogConfig: Setting CVar [[r.GPUCrashDebugging:0]]
[2019.11.26-19.51.08:639][  0]LogConfig: Applying CVar settings from Section [/Script/Engine.RendererOverrideSettings] File [C:/Users/Graphic.SJH519-000W/Documents/GitHub/GameJam4/StealthProject/Saved/Config/Windows/Engine.ini]
[2019.11.26-19.51.08:639][  0]LogConfig: Applying CVar settings from Section [/Script/Engine.StreamingSettings] File [C:/Users/Graphic.SJH519-000W/Documents/GitHub/GameJam4/StealthProject/Saved/Config/Windows/Engine.ini]
[2019.11.26-19.51.08:640][  0]LogConfig: Setting CVar [[s.MinBulkDataSizeForAsyncLoading:131072]]
[2019.11.26-19.51.08:640][  0]LogConfig: Setting CVar [[s.AsyncLoadingThreadEnabled:0]]
[2019.11.26-19.51.08:640][  0]LogConfig: Setting CVar [[s.EventDrivenLoaderEnabled:1]]
[2019.11.26-19.51.08:640][  0]LogConfig: Setting CVar [[s.WarnIfTimeLimitExceeded:0]]
[2019.11.26-19.51.08:640][  0]LogConfig: Setting CVar [[s.TimeLimitExceededMultiplier:1.5]]
[2019.11.26-19.51.08:640][  0]LogConfig: Setting CVar [[s.TimeLimitExceededMinTime:0.005]]
[2019.11.26-19.51.08:640][  0]LogConfig: Setting CVar [[s.UseBackgroundLevelStreaming:1]]
[2019.11.26-19.51.08:640][  0]LogConfig: Setting CVar [[s.PriorityAsyncLoadingExtraTime:15.0]]
[2019.11.26-19.51.08:640][  0]LogConfig: Setting CVar [[s.LevelStreamingActorsUpdateTimeLimit:5.0]]
[2019.11.26-19.51.08:640][  0]LogConfig: Setting CVar [[s.PriorityLevelStreamingActorsUpdateExtraTime:5.0]]
[2019.11.26-19.51.08:640][  0]LogConfig: Setting CVar [[s.LevelStreamingComponentsRegistrationGranularity:10]]
[2019.11.26-19.51.08:640][  0]LogConfig: Setting CVar [[s.UnregisterComponentsTimeLimit:1.0]]
[2019.11.26-19.51.08:640][  0]LogConfig: Setting CVar [[s.LevelStreamingComponentsUnregistrationGranularity:5]]
[2019.11.26-19.51.08:640][  0]LogConfig: Applying CVar settings from Section [/Script/Engine.GarbageCollectionSettings] File [C:/Users/Graphic.SJH519-000W/Documents/GitHub/GameJam4/StealthProject/Saved/Config/Windows/Engine.ini]
[2019.11.26-19.51.08:640][  0]LogConfig: Setting CVar [[gc.MaxObjectsNotConsideredByGC:1]]
[2019.11.26-19.51.08:640][  0]LogConfig: Setting CVar [[gc.SizeOfPermanentObjectPool:0]]
[2019.11.26-19.51.08:640][  0]LogConfig: Setting CVar [[gc.FlushStreamingOnGC:0]]
[2019.11.26-19.51.08:640][  0]LogConfig: Setting CVar [[gc.NumRetriesBeforeForcingGC:10]]
[2019.11.26-19.51.08:640][  0]LogConfig: Setting CVar [[gc.AllowParallelGC:1]]
[2019.11.26-19.51.08:640][  0]LogConfig: Setting CVar [[gc.TimeBetweenPurgingPendingKillObjects:61.1]]
[2019.11.26-19.51.08:640][  0]LogConfig: Setting CVar [[gc.MaxObjectsInEditor:16777216]]
[2019.11.26-19.51.08:640][  0]LogConfig: Setting CVar [[gc.IncrementalBeginDestroyEnabled:1]]
[2019.11.26-19.51.08:640][  0]LogConfig: Setting CVar [[gc.CreateGCClusters:1]]
[2019.11.26-19.51.08:640][  0]LogConfig: Setting CVar [[gc.MinGCClusterSize:5]]
[2019.11.26-19.51.08:640][  0]LogConfig: Setting CVar [[gc.ActorClusteringEnabled:0]]
[2019.11.26-19.51.08:640][  0]LogConfig: Setting CVar [[gc.BlueprintClusteringEnabled:0]]
[2019.11.26-19.51.08:640][  0]LogConfig: Setting CVar [[gc.UseDisregardForGCOnDedicatedServers:0]]
[2019.11.26-19.51.08:640][  0]LogConfig: Applying CVar settings from Section [/Script/Engine.NetworkSettings] File [C:/Users/Graphic.SJH519-000W/Documents/GitHub/GameJam4/StealthProject/Saved/Config/Windows/Engine.ini]
[2019.11.26-19.51.08:640][  0]LogConfig: Applying CVar settings from Section [/Script/UnrealEd.CookerSettings] File [C:/Users/Graphic.SJH519-000W/Documents/GitHub/GameJam4/StealthProject/Saved/Config/Windows/Engine.ini]
[2019.11.26-19.51.08:649][  0]LogConfig: Applying CVar settings from Section [ViewDistanceQuality@3] File [C:/Users/Graphic.SJH519-000W/Documents/GitHub/GameJam4/StealthProject/Saved/Config/Windows/Scalability.ini]
[2019.11.26-19.51.08:649][  0]LogConfig: Setting CVar [[r.SkeletalMeshLODBias:0]]
[2019.11.26-19.51.08:649][  0]LogConfig: Setting CVar [[r.ViewDistanceScale:1.0]]
[2019.11.26-19.51.08:649][  0]LogConfig: Applying CVar settings from Section [AntiAliasingQuality@3] File [C:/Users/Graphic.SJH519-000W/Documents/GitHub/GameJam4/StealthProject/Saved/Config/Windows/Scalability.ini]
[2019.11.26-19.51.08:649][  0]LogConfig: Setting CVar [[r.PostProcessAAQuality:4]]
[2019.11.26-19.51.08:649][  0]LogConfig: Applying CVar settings from Section [ShadowQuality@3] File [C:/Users/Graphic.SJH519-000W/Documents/GitHub/GameJam4/StealthProject/Saved/Config/Windows/Scalability.ini]
[2019.11.26-19.51.08:649][  0]LogConfig: Setting CVar [[r.LightFunctionQuality:1]]
[2019.11.26-19.51.08:649][  0]LogConfig: Setting CVar [[r.ShadowQuality:5]]
[2019.11.26-19.51.08:649][  0]LogConfig: Setting CVar [[r.Shadow.CSM.MaxCascades:10]]
[2019.11.26-19.51.08:649][  0]LogConfig: Setting CVar [[r.Shadow.MaxResolution:2048]]
[2019.11.26-19.51.08:649][  0]LogConfig: Setting CVar [[r.Shadow.MaxCSMResolution:2048]]
[2019.11.26-19.51.08:649][  0]LogConfig: Setting CVar [[r.Shadow.RadiusThreshold:0.01]]
[2019.11.26-19.51.08:649][  0]LogConfig: Setting CVar [[r.Shadow.DistanceScale:1.0]]
[2019.11.26-19.51.08:649][  0]LogConfig: Setting CVar [[r.Shadow.CSM.TransitionScale:1.0]]
[2019.11.26-19.51.08:649][  0]LogConfig: Setting CVar [[r.Shadow.PreShadowResolutionFactor:1.0]]
[2019.11.26-19.51.08:649][  0]LogConfig: Setting CVar [[r.DistanceFieldShadowing:1]]
[2019.11.26-19.51.08:649][  0]LogConfig: Setting CVar [[r.DistanceFieldAO:1]]
[2019.11.26-19.51.08:649][  0]LogConfig: Setting CVar [[r.AOQuality:2]]
[2019.11.26-19.51.08:649][  0]LogConfig: Setting CVar [[r.VolumetricFog:1]]
[2019.11.26-19.51.08:649][  0]LogConfig: Setting CVar [[r.VolumetricFog.GridPixelSize:8]]
[2019.11.26-19.51.08:649][  0]LogConfig: Setting CVar [[r.VolumetricFog.GridSizeZ:128]]
[2019.11.26-19.51.08:649][  0]LogConfig: Setting CVar [[r.VolumetricFog.HistoryMissSupersampleCount:4]]
[2019.11.26-19.51.08:649][  0]LogConfig: Setting CVar [[r.LightMaxDrawDistanceScale:1]]
[2019.11.26-19.51.08:649][  0]LogConfig: Setting CVar [[r.CapsuleShadows:1]]
[2019.11.26-19.51.08:649][  0]LogConfig: Applying CVar settings from Section [PostProcessQuality@3] File [C:/Users/Graphic.SJH519-000W/Documents/GitHub/GameJam4/StealthProject/Saved/Config/Windows/Scalability.ini]
[2019.11.26-19.51.08:649][  0]LogConfig: Setting CVar [[r.MotionBlurQuality:4]]
[2019.11.26-19.51.08:649][  0]LogConfig: Setting CVar [[r.AmbientOcclusionMipLevelFactor:0.4]]
[2019.11.26-19.51.08:649][  0]LogConfig: Setting CVar [[r.AmbientOcclusionMaxQuality:100]]
[2019.11.26-19.51.08:649][  0]LogConfig: Setting CVar [[r.AmbientOcclusionLevels:-1]]
[2019.11.26-19.51.08:649][  0]LogConfig: Setting CVar [[r.AmbientOcclusionRadiusScale:1.0]]
[2019.11.26-19.51.08:649][  0]LogConfig: Setting CVar [[r.DepthOfFieldQuality:2]]
[2019.11.26-19.51.08:649][  0]LogConfig: Setting CVar [[r.RenderTargetPoolMin:400]]
[2019.11.26-19.51.08:649][  0]LogConfig: Setting CVar [[r.LensFlareQuality:2]]
[2019.11.26-19.51.08:649][  0]LogConfig: Setting CVar [[r.SceneColorFringeQuality:1]]
[2019.11.26-19.51.08:649][  0]LogConfig: Setting CVar [[r.EyeAdaptationQuality:2]]
[2019.11.26-19.51.08:649][  0]LogConfig: Setting CVar [[r.BloomQuality:5]]
[2019.11.26-19.51.08:649][  0]LogConfig: Setting CVar [[r.FastBlurThreshold:100]]
[2019.11.26-19.51.08:649][  0]LogConfig: Setting CVar [[r.Upscale.Quality:3]]
[2019.11.26-19.51.08:649][  0]LogConfig: Setting CVar [[r.Tonemapper.GrainQuantization:1]]
[2019.11.26-19.51.08:649][  0]LogConfig: Setting CVar [[r.LightShaftQuality:1]]
[2019.11.26-19.51.08:649][  0]LogConfig: Setting CVar [[r.Filter.SizeScale:1]]
[2019.11.26-19.51.08:649][  0]LogConfig: Setting CVar [[r.Tonemapper.Quality:5]]
[2019.11.26-19.51.08:649][  0]LogConfig: Setting CVar [[r.DOF.Gather.AccumulatorQuality:1        ; higher gathering accumulator quality]]
[2019.11.26-19.51.08:649][  0]LogConfig: Setting CVar [[r.DOF.Gather.PostfilterMethod:1          ; Median3x3 postfilering method]]
[2019.11.26-19.51.08:649][  0]LogConfig: Setting CVar [[r.DOF.Gather.EnableBokehSettings:0       ; no bokeh simulation when gathering]]
[2019.11.26-19.51.08:649][  0]LogConfig: Setting CVar [[r.DOF.Gather.RingCount:4                 ; medium number of samples when gathering]]
[2019.11.26-19.51.08:649][  0]LogConfig: Setting CVar [[r.DOF.Scatter.ForegroundCompositing:1    ; additive foreground scattering]]
[2019.11.26-19.51.08:649][  0]LogConfig: Setting CVar [[r.DOF.Scatter.BackgroundCompositing:2    ; additive background scattering]]
[2019.11.26-19.51.08:649][  0]LogConfig: Setting CVar [[r.DOF.Scatter.EnableBokehSettings:1      ; bokeh simulation when scattering]]
[2019.11.26-19.51.08:649][  0]LogConfig: Setting CVar [[r.DOF.Scatter.MaxSpriteRatio:0.1         ; only a maximum of 10% of scattered bokeh]]
[2019.11.26-19.51.08:649][  0]LogConfig: Setting CVar [[r.DOF.Recombine.Quality:1                ; cheap slight out of focus]]
[2019.11.26-19.51.08:649][  0]LogConfig: Setting CVar [[r.DOF.Recombine.EnableBokehSettings:0    ; no bokeh simulation on slight out of focus]]
[2019.11.26-19.51.08:649][  0]LogConfig: Setting CVar [[r.DOF.TemporalAAQuality:1                ; more stable temporal accumulation]]
[2019.11.26-19.51.08:649][  0]LogConfig: Setting CVar [[r.DOF.Kernel.MaxForegroundRadius:0.025]]
[2019.11.26-19.51.08:649][  0]LogConfig: Setting CVar [[r.DOF.Kernel.MaxBackgroundRadius:0.025]]
[2019.11.26-19.51.08:649][  0]LogConfig: Applying CVar settings from Section [TextureQuality@3] File [C:/Users/Graphic.SJH519-000W/Documents/GitHub/GameJam4/StealthProject/Saved/Config/Windows/Scalability.ini]
[2019.11.26-19.51.08:649][  0]LogConfig: Setting CVar [[r.Streaming.MipBias:0]]
[2019.11.26-19.51.08:649][  0]LogConfig: Setting CVar [[r.Streaming.AmortizeCPUToGPUCopy:0]]
[2019.11.26-19.51.08:649][  0]LogConfig: Setting CVar [[r.Streaming.MaxNumTexturesToStreamPerFrame:0]]
[2019.11.26-19.51.08:650][  0]LogConfig: Setting CVar [[r.Streaming.Boost:1]]
[2019.11.26-19.51.08:650][  0]LogConfig: Setting CVar [[r.MaxAnisotropy:8]]
[2019.11.26-19.51.08:650][  0]LogConfig: Setting CVar [[r.Streaming.LimitPoolSizeToVRAM:0]]
[2019.11.26-19.51.08:650][  0]LogConfig: Setting CVar [[r.Streaming.PoolSize:1000]]
[2019.11.26-19.51.08:650][  0]LogConfig: Setting CVar [[r.Streaming.MaxEffectiveScreenSize:0]]
[2019.11.26-19.51.08:650][  0]LogConfig: Applying CVar settings from Section [EffectsQuality@3] File [C:/Users/Graphic.SJH519-000W/Documents/GitHub/GameJam4/StealthProject/Saved/Config/Windows/Scalability.ini]
[2019.11.26-19.51.08:650][  0]LogConfig: Setting CVar [[r.TranslucencyLightingVolumeDim:64]]
[2019.11.26-19.51.08:650][  0]LogConfig: Setting CVar [[r.RefractionQuality:2]]
[2019.11.26-19.51.08:650][  0]LogConfig: Setting CVar [[r.SSR.Quality:3]]
[2019.11.26-19.51.08:650][  0]LogConfig: Setting CVar [[r.SceneColorFormat:4]]
[2019.11.26-19.51.08:650][  0]LogConfig: Setting CVar [[r.DetailMode:2]]
[2019.11.26-19.51.08:650][  0]LogConfig: Setting CVar [[r.TranslucencyVolumeBlur:1]]
[2019.11.26-19.51.08:650][  0]LogConfig: Setting CVar [[r.MaterialQualityLevel:1 ; High quality]]
[2019.11.26-19.51.08:650][  0]LogConfig: Setting CVar [[r.SSS.Scale:1]]
[2019.11.26-19.51.08:650][  0]LogConfig: Setting CVar [[r.SSS.SampleSet:2]]
[2019.11.26-19.51.08:650][  0]LogConfig: Setting CVar [[r.SSS.Quality:1]]
[2019.11.26-19.51.08:650][  0]LogConfig: Setting CVar [[r.SSS.HalfRes:1]]
[2019.11.26-19.51.08:650][  0]LogConfig: Setting CVar [[r.EmitterSpawnRateScale:1.0]]
[2019.11.26-19.51.08:650][  0]LogConfig: Setting CVar [[r.ParticleLightQuality:2]]
[2019.11.26-19.51.08:650][  0]LogConfig: Applying CVar settings from Section [FoliageQuality@3] File [C:/Users/Graphic.SJH519-000W/Documents/GitHub/GameJam4/StealthProject/Saved/Config/Windows/Scalability.ini]
[2019.11.26-19.51.08:650][  0]LogConfig: Setting CVar [[foliage.DensityScale:1.0]]
[2019.11.26-19.51.08:650][  0]LogConfig: Setting CVar [[grass.DensityScale:1.0]]
[2019.11.26-19.51.08:650][  0]LogInit: Selected Device Profile: [Windows]
[2019.11.26-19.51.08:650][  0]LogInit: Applying CVar settings loaded from the selected device profile: [Windows]
[2019.11.26-19.51.08:653][  0]LogHAL: Display: Platform has ~ 64 GB [68689133568 / 68719476736 / 64], which maps to Largest [LargestMinGB=32, LargerMinGB=12, DefaultMinGB=8, SmallerMinGB=6, SmallestMinGB=0)
[2019.11.26-19.51.08:653][  0]LogInit: Going up to parent DeviceProfile []
[2019.11.26-19.51.08:653][  0]LogConfig: Applying CVar settings from Section [ViewDistanceQuality@3] File [C:/Users/Graphic.SJH519-000W/Documents/GitHub/GameJam4/StealthProject/Saved/Config/Windows/Scalability.ini]
[2019.11.26-19.51.08:653][  0]LogConfig: Setting CVar [[r.SkeletalMeshLODBias:0]]
[2019.11.26-19.51.08:653][  0]LogConfig: Setting CVar [[r.ViewDistanceScale:1.0]]
[2019.11.26-19.51.08:653][  0]LogConfig: Applying CVar settings from Section [AntiAliasingQuality@3] File [C:/Users/Graphic.SJH519-000W/Documents/GitHub/GameJam4/StealthProject/Saved/Config/Windows/Scalability.ini]
[2019.11.26-19.51.08:653][  0]LogConfig: Setting CVar [[r.PostProcessAAQuality:4]]
[2019.11.26-19.51.08:653][  0]LogConfig: Applying CVar settings from Section [ShadowQuality@3] File [C:/Users/Graphic.SJH519-000W/Documents/GitHub/GameJam4/StealthProject/Saved/Config/Windows/Scalability.ini]
[2019.11.26-19.51.08:653][  0]LogConfig: Setting CVar [[r.LightFunctionQuality:1]]
[2019.11.26-19.51.08:653][  0]LogConfig: Setting CVar [[r.ShadowQuality:5]]
[2019.11.26-19.51.08:653][  0]LogConfig: Setting CVar [[r.Shadow.CSM.MaxCascades:10]]
[2019.11.26-19.51.08:653][  0]LogConfig: Setting CVar [[r.Shadow.MaxResolution:2048]]
[2019.11.26-19.51.08:653][  0]LogConfig: Setting CVar [[r.Shadow.MaxCSMResolution:2048]]
[2019.11.26-19.51.08:653][  0]LogConfig: Setting CVar [[r.Shadow.RadiusThreshold:0.01]]
[2019.11.26-19.51.08:653][  0]LogConfig: Setting CVar [[r.Shadow.DistanceScale:1.0]]
[2019.11.26-19.51.08:653][  0]LogConfig: Setting CVar [[r.Shadow.CSM.TransitionScale:1.0]]
[2019.11.26-19.51.08:653][  0]LogConfig: Setting CVar [[r.Shadow.PreShadowResolutionFactor:1.0]]
[2019.11.26-19.51.08:653][  0]LogConfig: Setting CVar [[r.DistanceFieldShadowing:1]]
[2019.11.26-19.51.08:653][  0]LogConfig: Setting CVar [[r.DistanceFieldAO:1]]
[2019.11.26-19.51.08:653][  0]LogConfig: Setting CVar [[r.AOQuality:2]]
[2019.11.26-19.51.08:653][  0]LogConfig: Setting CVar [[r.VolumetricFog:1]]
[2019.11.26-19.51.08:653][  0]LogConfig: Setting CVar [[r.VolumetricFog.GridPixelSize:8]]
[2019.11.26-19.51.08:653][  0]LogConfig: Setting CVar [[r.VolumetricFog.GridSizeZ:128]]
[2019.11.26-19.51.08:653][  0]LogConfig: Setting CVar [[r.VolumetricFog.HistoryMissSupersampleCount:4]]
[2019.11.26-19.51.08:653][  0]LogConfig: Setting CVar [[r.LightMaxDrawDistanceScale:1]]
[2019.11.26-19.51.08:653][  0]LogConfig: Setting CVar [[r.CapsuleShadows:1]]
[2019.11.26-19.51.08:653][  0]LogConfig: Applying CVar settings from Section [PostProcessQuality@3] File [C:/Users/Graphic.SJH519-000W/Documents/GitHub/GameJam4/StealthProject/Saved/Config/Windows/Scalability.ini]
[2019.11.26-19.51.08:653][  0]LogConfig: Setting CVar [[r.MotionBlurQuality:4]]
[2019.11.26-19.51.08:653][  0]LogConfig: Setting CVar [[r.AmbientOcclusionMipLevelFactor:0.4]]
[2019.11.26-19.51.08:653][  0]LogConfig: Setting CVar [[r.AmbientOcclusionMaxQuality:100]]
[2019.11.26-19.51.08:654][  0]LogConfig: Setting CVar [[r.AmbientOcclusionLevels:-1]]
[2019.11.26-19.51.08:654][  0]LogConfig: Setting CVar [[r.AmbientOcclusionRadiusScale:1.0]]
[2019.11.26-19.51.08:654][  0]LogConfig: Setting CVar [[r.DepthOfFieldQuality:2]]
[2019.11.26-19.51.08:654][  0]LogConfig: Setting CVar [[r.RenderTargetPoolMin:400]]
[2019.11.26-19.51.08:654][  0]LogConfig: Setting CVar [[r.LensFlareQuality:2]]
[2019.11.26-19.51.08:654][  0]LogConfig: Setting CVar [[r.SceneColorFringeQuality:1]]
[2019.11.26-19.51.08:654][  0]LogConfig: Setting CVar [[r.EyeAdaptationQuality:2]]
[2019.11.26-19.51.08:654][  0]LogConfig: Setting CVar [[r.BloomQuality:5]]
[2019.11.26-19.51.08:654][  0]LogConfig: Setting CVar [[r.FastBlurThreshold:100]]
[2019.11.26-19.51.08:654][  0]LogConfig: Setting CVar [[r.Upscale.Quality:3]]
[2019.11.26-19.51.08:654][  0]LogConfig: Setting CVar [[r.Tonemapper.GrainQuantization:1]]
[2019.11.26-19.51.08:654][  0]LogConfig: Setting CVar [[r.LightShaftQuality:1]]
[2019.11.26-19.51.08:654][  0]LogConfig: Setting CVar [[r.Filter.SizeScale:1]]
[2019.11.26-19.51.08:654][  0]LogConfig: Setting CVar [[r.Tonemapper.Quality:5]]
[2019.11.26-19.51.08:654][  0]LogConfig: Setting CVar [[r.DOF.Gather.AccumulatorQuality:1        ; higher gathering accumulator quality]]
[2019.11.26-19.51.08:654][  0]LogConfig: Setting CVar [[r.DOF.Gather.PostfilterMethod:1          ; Median3x3 postfilering method]]
[2019.11.26-19.51.08:654][  0]LogConfig: Setting CVar [[r.DOF.Gather.EnableBokehSettings:0       ; no bokeh simulation when gathering]]
[2019.11.26-19.51.08:654][  0]LogConfig: Setting CVar [[r.DOF.Gather.RingCount:4                 ; medium number of samples when gathering]]
[2019.11.26-19.51.08:654][  0]LogConfig: Setting CVar [[r.DOF.Scatter.ForegroundCompositing:1    ; additive foreground scattering]]
[2019.11.26-19.51.08:654][  0]LogConfig: Setting CVar [[r.DOF.Scatter.BackgroundCompositing:2    ; additive background scattering]]
[2019.11.26-19.51.08:654][  0]LogConfig: Setting CVar [[r.DOF.Scatter.EnableBokehSettings:1      ; bokeh simulation when scattering]]
[2019.11.26-19.51.08:654][  0]LogConfig: Setting CVar [[r.DOF.Scatter.MaxSpriteRatio:0.1         ; only a maximum of 10% of scattered bokeh]]
[2019.11.26-19.51.08:654][  0]LogConfig: Setting CVar [[r.DOF.Recombine.Quality:1                ; cheap slight out of focus]]
[2019.11.26-19.51.08:654][  0]LogConfig: Setting CVar [[r.DOF.Recombine.EnableBokehSettings:0    ; no bokeh simulation on slight out of focus]]
[2019.11.26-19.51.08:654][  0]LogConfig: Setting CVar [[r.DOF.TemporalAAQuality:1                ; more stable temporal accumulation]]
[2019.11.26-19.51.08:654][  0]LogConfig: Setting CVar [[r.DOF.Kernel.MaxForegroundRadius:0.025]]
[2019.11.26-19.51.08:654][  0]LogConfig: Setting CVar [[r.DOF.Kernel.MaxBackgroundRadius:0.025]]
[2019.11.26-19.51.08:654][  0]LogConfig: Applying CVar settings from Section [TextureQuality@3] File [C:/Users/Graphic.SJH519-000W/Documents/GitHub/GameJam4/StealthProject/Saved/Config/Windows/Scalability.ini]
[2019.11.26-19.51.08:654][  0]LogConfig: Setting CVar [[r.Streaming.MipBias:0]]
[2019.11.26-19.51.08:654][  0]LogConfig: Setting CVar [[r.Streaming.AmortizeCPUToGPUCopy:0]]
[2019.11.26-19.51.08:654][  0]LogConfig: Setting CVar [[r.Streaming.MaxNumTexturesToStreamPerFrame:0]]
[2019.11.26-19.51.08:654][  0]LogConfig: Setting CVar [[r.Streaming.Boost:1]]
[2019.11.26-19.51.08:654][  0]LogConfig: Setting CVar [[r.MaxAnisotropy:8]]
[2019.11.26-19.51.08:654][  0]LogConfig: Setting CVar [[r.Streaming.LimitPoolSizeToVRAM:0]]
[2019.11.26-19.51.08:654][  0]LogConfig: Setting CVar [[r.Streaming.PoolSize:1000]]
[2019.11.26-19.51.08:654][  0]LogConfig: Setting CVar [[r.Streaming.MaxEffectiveScreenSize:0]]
[2019.11.26-19.51.08:654][  0]LogConfig: Applying CVar settings from Section [EffectsQuality@3] File [C:/Users/Graphic.SJH519-000W/Documents/GitHub/GameJam4/StealthProject/Saved/Config/Windows/Scalability.ini]
[2019.11.26-19.51.08:654][  0]LogConfig: Setting CVar [[r.TranslucencyLightingVolumeDim:64]]
[2019.11.26-19.51.08:654][  0]LogConfig: Setting CVar [[r.RefractionQuality:2]]
[2019.11.26-19.51.08:654][  0]LogConfig: Setting CVar [[r.SSR.Quality:3]]
[2019.11.26-19.51.08:654][  0]LogConfig: Setting CVar [[r.SceneColorFormat:4]]
[2019.11.26-19.51.08:654][  0]LogConfig: Setting CVar [[r.DetailMode:2]]
[2019.11.26-19.51.08:654][  0]LogConfig: Setting CVar [[r.TranslucencyVolumeBlur:1]]
[2019.11.26-19.51.08:654][  0]LogConfig: Setting CVar [[r.MaterialQualityLevel:1 ; High quality]]
[2019.11.26-19.51.08:654][  0]LogConfig: Setting CVar [[r.SSS.Scale:1]]
[2019.11.26-19.51.08:654][  0]LogConfig: Setting CVar [[r.SSS.SampleSet:2]]
[2019.11.26-19.51.08:654][  0]LogConfig: Setting CVar [[r.SSS.Quality:1]]
[2019.11.26-19.51.08:654][  0]LogConfig: Setting CVar [[r.SSS.HalfRes:1]]
[2019.11.26-19.51.08:654][  0]LogConfig: Setting CVar [[r.EmitterSpawnRateScale:1.0]]
[2019.11.26-19.51.08:654][  0]LogConfig: Setting CVar [[r.ParticleLightQuality:2]]
[2019.11.26-19.51.08:654][  0]LogConfig: Applying CVar settings from Section [FoliageQuality@3] File [C:/Users/Graphic.SJH519-000W/Documents/GitHub/GameJam4/StealthProject/Saved/Config/Windows/Scalability.ini]
[2019.11.26-19.51.08:654][  0]LogConfig: Setting CVar [[foliage.DensityScale:1.0]]
[2019.11.26-19.51.08:654][  0]LogConfig: Setting CVar [[grass.DensityScale:1.0]]
[2019.11.26-19.51.08:654][  0]LogConfig: Applying CVar settings from Section [Startup] File [../../../Engine/Config/ConsoleVariables.ini]
[2019.11.26-19.51.08:655][  0]LogConfig: Setting CVar [[net.UseAdaptiveNetUpdateFrequency:0]]
[2019.11.26-19.51.08:655][  0]LogConfig: Setting CVar [[p.chaos.AllowCreatePhysxBodies:1]]
[2019.11.26-19.51.08:655][  0]LogConfig: Applying CVar settings from Section [ConsoleVariables] File [C:/Users/Graphic.SJH519-000W/Documents/GitHub/GameJam4/StealthProject/Saved/Config/Windows/Engine.ini]
[2019.11.26-19.51.08:655][  0]LogInit: Computer: WFD211-11W
[2019.11.26-19.51.08:655][  0]LogInit: User: Graphic
[2019.11.26-19.51.08:655][  0]LogInit: CPU Page size=4096, Cores=12
[2019.11.26-19.51.08:655][  0]LogInit: High frequency timer resolution =10.000000 MHz
[2019.11.26-19.51.08:655][  0]LogMemory: Memory total: Physical=64.0GB (64GB approx)
[2019.11.26-19.51.08:655][  0]LogMemory: Platform Memory Stats for Windows
[2019.11.26-19.51.08:655][  0]LogMemory: Process Physical Memory: 104.26 MB used, 104.27 MB peak
[2019.11.26-19.51.08:655][  0]LogMemory: Process Virtual Memory: 94.59 MB used, 94.59 MB peak
[2019.11.26-19.51.08:655][  0]LogMemory: Physical Memory: 10748.95 MB used,  54758.11 MB free, 65507.06 MB total
[2019.11.26-19.51.08:655][  0]LogMemory: Virtual Memory: 4743.55 MB used,  134212984.00 MB free, 134217728.00 MB total
[2019.11.26-19.51.08:658][  0]LogWindows: WindowsPlatformFeatures enabled
[2019.11.26-19.51.08:681][  0]LogInit: Using OS detected language (en-US).
[2019.11.26-19.51.08:681][  0]LogInit: Using OS detected locale (en-US).
[2019.11.26-19.51.08:682][  0]LogTextLocalizationManager: No specific localization for 'en-US' exists, so the 'en' localization will be used.
[2019.11.26-19.51.08:864][  0]LogInit: Setting process to per monitor DPI aware
[2019.11.26-19.51.08:913][  0]LogSlate: New Slate User Created.  User Index 0, Is Virtual User: 0
[2019.11.26-19.51.08:913][  0]LogSlate: Slate User Registered.  User Index 0, Is Virtual User: 0
[2019.11.26-19.51.09:130][  0]LogHMD: Failed to initialize OpenVR with code 110
[2019.11.26-19.51.09:130][  0]LogD3D11RHI: D3D11 adapters:
[2019.11.26-19.51.09:149][  0]LogD3D11RHI:    0. 'AMD FirePro D700 (FireGL V)' (Feature Level 11_0)
[2019.11.26-19.51.09:149][  0]LogD3D11RHI:       6124/0/32753 MB DedicatedVideo/DedicatedSystem/SharedSystem, Outputs:2, VendorId:0x1002
[2019.11.26-19.51.09:151][  0]LogD3D11RHI:    1. 'Microsoft Basic Render Driver' (Feature Level 11_0)
[2019.11.26-19.51.09:151][  0]LogD3D11RHI:       0/0/32753 MB DedicatedVideo/DedicatedSystem/SharedSystem, Outputs:0, VendorId:0x1414
[2019.11.26-19.51.09:151][  0]LogD3D11RHI: Chosen D3D11 Adapter: 0
[2019.11.26-19.51.09:156][  0]LogD3D11RHI: Creating new Direct3DDevice
[2019.11.26-19.51.09:156][  0]LogD3D11RHI:     GPU DeviceId: 0x6798 (for the marketing name, search the web for "GPU Device Id")
[2019.11.26-19.51.09:156][  0]LogWindows: EnumDisplayDevices:
[2019.11.26-19.51.09:156][  0]LogWindows:    0. 'AMD FirePro D700 (FireGL V)' (P:1 D:1)
[2019.11.26-19.51.09:157][  0]LogWindows:    1. 'AMD FirePro D700 (FireGL V)' (P:0 D:1)
[2019.11.26-19.51.09:157][  0]LogWindows:    2. 'AMD FirePro D700 (FireGL V)' (P:0 D:0)
[2019.11.26-19.51.09:157][  0]LogWindows:    3. 'AMD FirePro D700 (FireGL V)' (P:0 D:0)
[2019.11.26-19.51.09:158][  0]LogWindows:    4. 'AMD FirePro D700 (FireGL V)' (P:0 D:0)
[2019.11.26-19.51.09:158][  0]LogWindows:    5. 'AMD FirePro D700 (FireGL V)' (P:0 D:0)
[2019.11.26-19.51.09:158][  0]LogWindows: DebugString: FoundDriverCount:6 
[2019.11.26-19.51.09:158][  0]LogD3D11RHI:     Adapter Name: AMD FirePro D700 (FireGL V)
[2019.11.26-19.51.09:158][  0]LogD3D11RHI:   Driver Version: Crimson ReLive 17.6 (internal:22.19.170.1536, unified:22.19.170.1536)
[2019.11.26-19.51.09:159][  0]LogD3D11RHI:      Driver Date: 7-20-2017
[2019.11.26-19.51.09:159][  0]LogRHI: Texture pool is 4287 MB (70% of 6124 MB)
[2019.11.26-19.51.09:315][  0]LogD3D11RHI: Async texture creation enabled
[2019.11.26-19.51.09:329][  0]LogD3D11RHI: GPU Timing Frequency: 27.000000 (Debug: 2 1)
[2019.11.26-19.51.09:688][  0]LogTemp: Display: Module 'AllDesktopTargetPlatform' loaded TargetPlatform 'AllDesktop'
[2019.11.26-19.51.09:699][  0]LogTemp: Display: Module 'MacClientTargetPlatform' loaded TargetPlatform 'MacClient'
[2019.11.26-19.51.09:709][  0]LogTemp: Display: Module 'MacNoEditorTargetPlatform' loaded TargetPlatform 'MacNoEditor'
[2019.11.26-19.51.09:718][  0]LogTemp: Display: Module 'MacServerTargetPlatform' loaded TargetPlatform 'MacServer'
[2019.11.26-19.51.09:729][  0]LogTemp: Display: Module 'MacTargetPlatform' loaded TargetPlatform 'Mac'
[2019.11.26-19.51.09:739][  0]LogTemp: Display: Module 'WindowsClientTargetPlatform' loaded TargetPlatform 'WindowsClient'
[2019.11.26-19.51.09:749][  0]LogTemp: Display: Module 'WindowsNoEditorTargetPlatform' loaded TargetPlatform 'WindowsNoEditor'
[2019.11.26-19.51.09:759][  0]LogTemp: Display: Module 'WindowsServerTargetPlatform' loaded TargetPlatform 'WindowsServer'
[2019.11.26-19.51.09:763][  0]LogTemp: Display: Module 'WindowsTargetPlatform' loaded TargetPlatform 'Windows'
[2019.11.26-19.51.09:799][  0]LogTemp: Display: Module 'AndroidTargetPlatform' loaded TargetPlatform 'Android'
[2019.11.26-19.51.09:799][  0]LogTemp: Display: Module 'AndroidTargetPlatform' loaded TargetPlatform 'Android_ASTC'
[2019.11.26-19.51.09:799][  0]LogTemp: Display: Module 'AndroidTargetPlatform' loaded TargetPlatform 'Android_ATC'
[2019.11.26-19.51.09:799][  0]LogTemp: Display: Module 'AndroidTargetPlatform' loaded TargetPlatform 'Android_DXT'
[2019.11.26-19.51.09:799][  0]LogTemp: Display: Module 'AndroidTargetPlatform' loaded TargetPlatform 'Android_ETC1'
[2019.11.26-19.51.09:799][  0]LogTemp: Display: Module 'AndroidTargetPlatform' loaded TargetPlatform 'Android_ETC1a'
[2019.11.26-19.51.09:800][  0]LogTemp: Display: Module 'AndroidTargetPlatform' loaded TargetPlatform 'Android_ETC2'
[2019.11.26-19.51.09:800][  0]LogTemp: Display: Module 'AndroidTargetPlatform' loaded TargetPlatform 'Android_PVRTC'
[2019.11.26-19.51.09:800][  0]LogTemp: Display: Module 'AndroidTargetPlatform' loaded TargetPlatform 'AndroidClient'
[2019.11.26-19.51.09:800][  0]LogTemp: Display: Module 'AndroidTargetPlatform' loaded TargetPlatform 'Android_ASTCClient'
[2019.11.26-19.51.09:800][  0]LogTemp: Display: Module 'AndroidTargetPlatform' loaded TargetPlatform 'Android_ATCClient'
[2019.11.26-19.51.09:800][  0]LogTemp: Display: Module 'AndroidTargetPlatform' loaded TargetPlatform 'Android_DXTClient'
[2019.11.26-19.51.09:800][  0]LogTemp: Display: Module 'AndroidTargetPlatform' loaded TargetPlatform 'Android_ETC1Client'
[2019.11.26-19.51.09:800][  0]LogTemp: Display: Module 'AndroidTargetPlatform' loaded TargetPlatform 'Android_ETC1aClient'
[2019.11.26-19.51.09:800][  0]LogTemp: Display: Module 'AndroidTargetPlatform' loaded TargetPlatform 'Android_ETC2Client'
[2019.11.26-19.51.09:800][  0]LogTemp: Display: Module 'AndroidTargetPlatform' loaded TargetPlatform 'Android_PVRTCClient'
[2019.11.26-19.51.09:800][  0]LogTemp: Display: Module 'AndroidTargetPlatform' loaded TargetPlatform 'Android_Multi'
[2019.11.26-19.51.09:800][  0]LogTemp: Display: Module 'AndroidTargetPlatform' loaded TargetPlatform 'Android_MultiClient'
[2019.11.26-19.51.09:801][  0]LogTemp: Display: Module 'HTML5TargetPlatform' loaded TargetPlatform 'HTML5'
[2019.11.26-19.51.09:821][  0]LogTemp: Display: Module 'IOSTargetPlatform' loaded TargetPlatform 'IOSClient'
[2019.11.26-19.51.09:821][  0]LogTemp: Display: Module 'IOSTargetPlatform' loaded TargetPlatform 'IOS'
[2019.11.26-19.51.09:838][  0]LogTemp: Display: Module 'TVOSTargetPlatform' loaded TargetPlatform 'TVOSClient'
[2019.11.26-19.51.09:838][  0]LogTemp: Display: Module 'TVOSTargetPlatform' loaded TargetPlatform 'TVOS'
[2019.11.26-19.51.09:846][  0]LogTemp: Display: Module 'LinuxClientTargetPlatform' loaded TargetPlatform 'LinuxClient'
[2019.11.26-19.51.09:854][  0]LogTemp: Display: Module 'LinuxNoEditorTargetPlatform' loaded TargetPlatform 'LinuxNoEditor'
[2019.11.26-19.51.09:862][  0]LogTemp: Display: Module 'LinuxServerTargetPlatform' loaded TargetPlatform 'LinuxServer'
[2019.11.26-19.51.09:871][  0]LogTemp: Display: Module 'LinuxTargetPlatform' loaded TargetPlatform 'Linux'
[2019.11.26-19.51.09:897][  0]LogTemp: Display: Module 'LuminTargetPlatform' loaded TargetPlatform 'Lumin'
[2019.11.26-19.51.09:897][  0]LogTemp: Display: Module 'LuminTargetPlatform' loaded TargetPlatform 'LuminClient'
[2019.11.26-19.51.09:897][  0]LogTargetPlatformManager: Display: Building Assets For Windows
[2019.11.26-19.51.09:908][  0]LogAudioDebug: Display: Lib vorbis DLL was dynamically loaded.
[2019.11.26-19.51.09:963][  0]LogShaderCompilers: Guid format shader working directory is -24 characters bigger than the processId version (../../../../../../Users/Graphic.SJH519-000W/Documents/GitHub/GameJam4/StealthProject/Intermediate/Shaders/WorkingDirectory/4944/).
[2019.11.26-19.51.09:963][  0]LogShaderCompilers: Cleaned the shader compiler working directory 'C:/Users/Graphic.SJH519-000W/AppData/Local/Temp/UnrealShaderWorkingDir/26AE774241DB05322362058E22809B2D/'.
[2019.11.26-19.51.09:966][  0]LogXGEController: Cannot use XGE Controller as Incredibuild is not installed on this machine.
[2019.11.26-19.51.09:966][  0]LogShaderCompilers: Cannot use XGE Shader Compiler as Incredibuild is not installed on this machine.
[2019.11.26-19.51.09:966][  0]LogShaderCompilers: Display: Using Local Shader Compiler.
[2019.11.26-19.51.10:725][  0]LogDerivedDataCache: Display: Max Cache Size: 512 MB
[2019.11.26-19.51.10:781][  0]LogDerivedDataCache: Loaded boot cache 0.06s 73MB C:/Users/Graphic.SJH519-000W/AppData/Local/UnrealEngine/4.23/DerivedDataCache/Boot.ddc.
[2019.11.26-19.51.10:781][  0]LogDerivedDataCache: Display: Loaded Boot cache: C:/Users/Graphic.SJH519-000W/AppData/Local/UnrealEngine/4.23/DerivedDataCache/Boot.ddc
[2019.11.26-19.51.10:781][  0]LogDerivedDataCache: FDerivedDataBackendGraph:  Pak pak cache file ../../../../../../Users/Graphic.SJH519-000W/Documents/GitHub/GameJam4/StealthProject/DerivedDataCache/DDC.ddp not found, will not use a pak cache.
[2019.11.26-19.51.10:781][  0]LogDerivedDataCache: Unable to find inner node Pak for hierarchical cache Hierarchy.
[2019.11.26-19.51.10:781][  0]LogDerivedDataCache: FDerivedDataBackendGraph:  CompressedPak pak cache file ../../../../../../Users/Graphic.SJH519-000W/Documents/GitHub/GameJam4/StealthProject/DerivedDataCache/Compressed.ddp not found, will not use a pak cache.
[2019.11.26-19.51.10:781][  0]LogDerivedDataCache: Unable to find inner node CompressedPak for hierarchical cache Hierarchy.
[2019.11.26-19.51.10:793][  0]LogDerivedDataCache: Display: Pak cache opened for reading ../../../Engine/DerivedDataCache/Compressed.ddp.
[2019.11.26-19.51.10:793][  0]LogDerivedDataCache: FDerivedDataBackendGraph:  EnterprisePak pak cache file ../../../Enterprise/DerivedDataCache/Compressed.ddp not found, will not use a pak cache.
[2019.11.26-19.51.10:793][  0]LogDerivedDataCache: Unable to find inner node EnterprisePak for hierarchical cache Hierarchy.
[2019.11.26-19.51.10:795][  0]LogDerivedDataCache: Using Local data cache path C:/Users/Graphic.SJH519-000W/AppData/Local/UnrealEngine/Common/DerivedDataCache: Writable
[2019.11.26-19.51.10:795][  0]LogDerivedDataCache: Shared data cache path not found in *engine.ini, will not use an Shared cache.
[2019.11.26-19.51.10:795][  0]LogDerivedDataCache: Unable to find inner node Shared for hierarchical cache Hierarchy.
[2019.11.26-19.51.10:824][  0]LogMaterial: Verifying Global Shaders for PCD3D_SM5
[2019.11.26-19.51.10:827][  0]LogSlate: Using FreeType 2.6.0
[2019.11.26-19.51.10:828][  0]LogSlate: SlateFontServices - WITH_FREETYPE: 1, WITH_HARFBUZZ: 1
[2019.11.26-19.51.10:891][  0]LogAssetRegistry: FAssetRegistry took 0.0028 seconds to start up
[2019.11.26-19.51.11:238][  0]LogInit: Selected Device Profile: [Windows]
[2019.11.26-19.51.11:420][  0]LogMeshReduction: Using QuadricMeshReduction for automatic static mesh reduction
[2019.11.26-19.51.11:420][  0]LogMeshReduction: Using SimplygonMeshReduction for automatic skeletal mesh reduction
[2019.11.26-19.51.11:420][  0]LogMeshReduction: Using ProxyLODMeshReduction for automatic mesh merging
[2019.11.26-19.51.11:420][  0]LogMeshReduction: No distributed automatic mesh merging module available
[2019.11.26-19.51.11:420][  0]LogMeshMerging: No distributed automatic mesh merging module available
[2019.11.26-19.51.11:431][  0]LogNetVersion: StealthProject 1.0.0, NetCL: 8386587, EngineNetVer: 11, GameNetVer: 0 (Checksum: 350830311)
[2019.11.26-19.51.11:972][  0]LogPackageLocalizationCache: Processed 13 localized package path(s) for 1 prioritized culture(s) in 0.050736 seconds
[2019.11.26-19.51.11:977][  0]LogUObjectArray: 43444 objects as part of root set at end of initial load.
[2019.11.26-19.51.11:977][  0]LogUObjectAllocator: 7548648 out of 0 bytes used by permanent object pool.
[2019.11.26-19.51.11:977][  0]LogUObjectArray: CloseDisregardForGC: 0/0 objects in disregard for GC pool
[2019.11.26-19.51.12:956][  0]LogTcpMessaging: Initializing TcpMessaging bridge
[2019.11.26-19.51.12:958][  0]LogUdpMessaging: Initializing bridge on interface 0.0.0.0:0 to multicast group 230.0.0.1:6666.
[2019.11.26-19.51.13:013][  0]LogFMOD: FFMODStudioModule startup
[2019.11.26-19.51.13:013][  0]LogFMOD:  Lib path = '../../../../../../Users/Graphic.SJH519-000W/Documents/GitHub/GameJam4/StealthProject/Plugins/FMODStudio/Binaries'
[2019.11.26-19.51.13:013][  0]LogFMOD: FFMODStudioModule::LoadDll: Loading ../../../../../../Users/Graphic.SJH519-000W/Documents/GitHub/GameJam4/StealthProject/Plugins/FMODStudio/Binaries/Win64/fmodL.dll
[2019.11.26-19.51.13:072][  0]LogFMOD: FFMODStudioModule::LoadDll: Loading ../../../../../../Users/Graphic.SJH519-000W/Documents/GitHub/GameJam4/StealthProject/Plugins/FMODStudio/Binaries/Win64/fmodstudioL.dll
[2019.11.26-19.51.13:237][  0]LogFMOD: Loading strings bank: ../../../../../../Users/Graphic.SJH519-000W/Documents/GitHub/GameJam4/StealthProject/Content/FMOD/Desktop/Master.strings.bank
[2019.11.26-19.51.13:239][  0]LogFMOD: Constructing asset: /Game/FMOD/Banks/Master
[2019.11.26-19.51.13:239][  0]LogFMOD: Constructing asset: /Game/FMOD/Events/FaunaAmbiance
[2019.11.26-19.51.13:239][  0]LogFMOD: Skipping asset: bus:/
[2019.11.26-19.51.13:239][  0]LogFMOD: Constructing asset: /Game/FMOD/Events/Monster
[2019.11.26-19.51.13:239][  0]LogFMOD: Constructing asset: /Game/FMOD/Banks/Footsteps
[2019.11.26-19.51.13:239][  0]LogFMOD: Skipping asset: bank:/Master.strings
[2019.11.26-19.51.13:239][  0]LogFMOD: Constructing asset: /Game/FMOD/Events/Twigs
[2019.11.26-19.51.13:239][  0]LogFMOD: Constructing asset: /Game/FMOD/Events/Footsteps
[2019.11.26-19.51.13:239][  0]LogFMOD: Constructing asset: /Game/FMOD/Events/Death
[2019.11.26-19.51.13:239][  0]LogFMOD: Constructing asset: /Game/FMOD/Events/OtherAmbience
[2019.11.26-19.51.13:239][  0]LogFMOD: Constructing asset: /Game/FMOD/Banks/Monster
[2019.11.26-19.51.13:239][  0]LogFMOD: Constructing asset: /Game/FMOD/Banks/Ambiance
[2019.11.26-19.51.13:239][  0]LogFMOD: Constructing asset: /Game/FMOD/Buses/Reverb
[2019.11.26-19.51.13:239][  0]LogFMOD: Constructing asset: /Game/FMOD/Events/Monster_Walking
[2019.11.26-19.51.13:263][  0]LogFMOD: Default sample rate = 48000
[2019.11.26-19.51.13:264][  0]LogFMOD: System sample rate = 48000
[2019.11.26-19.51.13:264][  0]LogFMOD: Matching system sample rate 48000
[2019.11.26-19.51.13:367][  0]LogFMOD: Default sample rate = 48000
[2019.11.26-19.51.13:367][  0]LogFMOD: System sample rate = 48000
[2019.11.26-19.51.13:367][  0]LogFMOD: Matching system sample rate 48000
[2019.11.26-19.51.13:411][  0]SourceControl: Source control is disabled
[2019.11.26-19.51.13:411][  0]SourceControl: Source control is disabled
[2019.11.26-19.51.13:412][  0]SourceControl: Source control is disabled
[2019.11.26-19.51.13:414][  0]SourceControl: Source control is disabled
[2019.11.26-19.51.13:508][  0]LogAndroidPermission: UAndroidPermissionCallbackProxy::GetInstance
[2019.11.26-19.51.13:697][  0]LogOcInput: OculusInput pre-init called
[2019.11.26-19.51.13:705][  0]LogWindows: Failed to load 'OVRPlugin.dll' (GetLastError=126)
[2019.11.26-19.51.13:705][  0]LogWindows: File 'OVRPlugin.dll' does not exist
[2019.11.26-19.51.13:731][  0]LogFMOD: FFMODStudioEditorModule startup
[2019.11.26-19.51.13:831][  0]LogEngine: Initializing Engine...
[2019.11.26-19.51.13:832][  0]LogHMD: Failed to initialize OpenVR with code 110
[2019.11.26-19.51.13:833][  0]LogStats: UGameplayTagsManager::InitializeManager -  0.000 s
[2019.11.26-19.51.14:162][  0]LogInit: Initializing FReadOnlyCVARCache
[2019.11.26-19.51.14:179][  0]LogAIModule: Creating AISystem for world Untitled
[2019.11.26-19.51.14:266][  0]LogInit: XAudio2 using 'Speakers (3- Display Audio)' : 2 channels at 48 kHz using 24 bits per sample (channel mask 0x3)
[2019.11.26-19.51.14:280][  0]LogInit: FAudioDevice initialized.
[2019.11.26-19.51.14:281][  0]LogNetVersion: Set ProjectVersion to 1.0.0.0. Version Checksum will be recalculated on next use.
[2019.11.26-19.51.14:342][  0]LogDerivedDataCache: Saved boot cache 0.06s 73MB C:/Users/Graphic.SJH519-000W/AppData/Local/UnrealEngine/4.23/DerivedDataCache/Boot.ddc.
[2019.11.26-19.51.14:352][  0]LogInit: Texture streaming: Enabled
[2019.11.26-19.51.14:372][  0]LogEngineSessionManager: EngineSessionManager initialized
[2019.11.26-19.51.14:452][  0]LogInit: Transaction tracking system initialized
[2019.11.26-19.51.14:504][  0]BlueprintLog: New page: Editor Load
[2019.11.26-19.51.14:586][  0]LocalizationService: Localization service is disabled
[2019.11.26-19.51.14:628][  0]LogLinker: Warning: Failed to load '/Game/FirstPersonBP/FirstPersonOverview': Can't find file.
[2019.11.26-19.51.14:628][  0]LogLinker: Warning: Failed to load '/Game/FirstPersonBP/FirstPersonOverview': Can't find file.
[2019.11.26-19.51.14:628][  0]LogUObjectGlobals: Warning: Failed to find object 'Class /Game/FirstPersonBP/FirstPersonOverview.FirstPersonOverview_C'
[2019.11.26-19.51.14:859][  0]LogCook: Display: Max memory allowance for cook 16384mb min free memory 0mb
[2019.11.26-19.51.14:859][  0]LogCook: Display: Mobile HDR setting 1
[2019.11.26-19.51.15:054][  0]LogFileCache: Scanning file cache for directory 'C:/Users/Graphic.SJH519-000W/Documents/GitHub/GameJam4/StealthProject/Content/' took 0.01s
[2019.11.26-19.51.15:054][  0]SourceControl: Source control is disabled
[2019.11.26-19.51.15:055][  0]Cmd: MAP LOAD FILE="../../../Engine/Content/Maps/Templates/Template_Default.umap" TEMPLATE=1 SHOWPROGRESS=1 FEATURELEVEL=3
[2019.11.26-19.51.15:055][  0]LightingResults: New page: Lighting Build
[2019.11.26-19.51.15:058][  0]LogWorld: UWorld::CleanupWorld for Untitled, bSessionEnded=true, bCleanupResources=true
[2019.11.26-19.51.15:058][  0]MapCheck: New page: Map Check
[2019.11.26-19.51.15:058][  0]LightingResults: New page: Lighting Build
[2019.11.26-19.51.15:102][  0]LogUObjectHash: Compacting FUObjectHashTables data took   2.29ms
[2019.11.26-19.51.15:210][  0]LogAIModule: Creating AISystem for world Untitled_1
[2019.11.26-19.51.15:216][  0]LogEditorServer: Finished looking for orphan Actors (0.000 secs)
[2019.11.26-19.51.15:261][  0]LogUObjectHash: Compacting FUObjectHashTables data took   2.90ms
[2019.11.26-19.51.15:261][  0]Cmd: MAP CHECKDEP NOCLEARLOG
[2019.11.26-19.51.15:261][  0]MapCheck: Map check complete: 0 Error(s), 0 Warning(s), took 0.171ms to complete.
[2019.11.26-19.51.15:261][  0]LogFileHelpers: Loading map 'Template_Default' took 0.207
[2019.11.26-19.51.15:445][  0]LogSlate: Updating window title bar state: overlay mode, drag disabled, window buttons hidden, title bar hidden
[2019.11.26-19.51.15:454][  0]LogSlate: Updating window title bar state: overlay mode, drag disabled, window buttons hidden, title bar hidden
[2019.11.26-19.51.15:463][  0]LogSlate: Updating window title bar state: overlay mode, drag disabled, window buttons hidden, title bar hidden
[2019.11.26-19.51.15:472][  0]LogSlate: Updating window title bar state: overlay mode, drag disabled, window buttons hidden, title bar hidden
[2019.11.26-19.51.15:484][  0]LogCollectionManager: Loaded 0 collections in 0.002174 seconds
[2019.11.26-19.51.15:491][  0]LogFileCache: Scanning file cache for directory 'C:/Users/Graphic.SJH519-000W/Documents/GitHub/GameJam4/StealthProject/Saved/Collections/' took 0.00s
[2019.11.26-19.51.15:491][  0]LogFileCache: Scanning file cache for directory 'C:/Users/Graphic.SJH519-000W/Documents/GitHub/GameJam4/StealthProject/Content/Developers/Graphic/Collections/' took 0.00s
[2019.11.26-19.51.15:491][  0]LogFileCache: Scanning file cache for directory 'C:/Users/Graphic.SJH519-000W/Documents/GitHub/GameJam4/StealthProject/Content/Collections/' took 0.00s
[2019.11.26-19.51.15:491][  0]LogCollectionManager: Rebuilt the GUID cache for 0 collections in 0.000002 seconds
[2019.11.26-19.51.15:501][  0]LogContentBrowser: Native class hierarchy populated in 0.0099 seconds. Added 2879 classes and 687 folders.
[2019.11.26-19.51.15:508][  0]LogContentBrowser: Native class hierarchy updated for 'WidgetCarousel' in 0.0002 seconds. Added 0 classes and 0 folders.
[2019.11.26-19.51.15:800][  0]LogContentBrowser: Native class hierarchy updated for 'AddContentDialog' in 0.0003 seconds. Added 0 classes and 0 folders.
[2019.11.26-19.51.15:806][  0]LogContentBrowser: Native class hierarchy updated for 'SceneOutliner' in 0.0002 seconds. Added 1 classes and 2 folders.
[2019.11.26-19.51.15:826][  0]LogSlate: Took 0.000183 seconds to synchronously load lazily loaded font '../../../Engine/Content/Slate/Fonts/Roboto-Regular.ttf' (155K)
[2019.11.26-19.51.15:828][  0]LogSlate: Took 0.000146 seconds to synchronously load lazily loaded font '../../../Engine/Content/Slate/Fonts/Roboto-Bold.ttf' (160K)
[2019.11.26-19.51.15:840][  0]LogSlate: Took 0.005995 seconds to synchronously load lazily loaded font '../../../Engine/Content/Editor/Slate/Fonts/FontAwesome.ttf' (139K)
[2019.11.26-19.51.16:018][  0]LogRenderer: Reallocating scene render targets to support 1700x808 Format 10 NumSamples 1 (Frame:1).
[2019.11.26-19.51.16:151][  0]LogContentBrowser: Native class hierarchy updated for 'HierarchicalLODOutliner' in 0.0003 seconds. Added 0 classes and 0 folders.
[2019.11.26-19.51.16:151][  0]LogLoad: (Engine Initialization) Total time: 9.12 seconds
[2019.11.26-19.51.16:151][  0]LogLoad: (Engine Initialization) Total Blueprint compile time: 0.00 seconds
[2019.11.26-19.51.16:210][  0]LogContentStreaming: Texture pool size now 1000 MB
[2019.11.26-19.51.16:236][  1]LogFMOD: File has changed: ../../../../../../Users/Graphic.SJH519-000W/Documents/GitHub/GameJam4/StealthProject/Content/FMOD/Desktop/Master.strings.bank
[2019.11.26-19.51.16:349][  1]LogFMOD: Loading strings bank: ../../../../../../Users/Graphic.SJH519-000W/Documents/GitHub/GameJam4/StealthProject/Content/FMOD/Desktop/Master.strings.bank
[2019.11.26-19.51.16:351][  1]LogFMOD: Skipping asset: bus:/
[2019.11.26-19.51.16:351][  1]LogFMOD: Skipping asset: bank:/Master.strings
[2019.11.26-19.51.16:358][  1]LogFMOD: Default sample rate = 48000
[2019.11.26-19.51.16:358][  1]LogFMOD: System sample rate = 48000
[2019.11.26-19.51.16:358][  1]LogFMOD: Matching system sample rate 48000
[2019.11.26-19.51.16:375][  1]LogFMOD: Loading bank: ../../../../../../Users/Graphic.SJH519-000W/Documents/GitHub/GameJam4/StealthProject/Content/FMOD/Desktop/Ambiance.bank
[2019.11.26-19.51.16:375][  1]LogFMOD: Loading bank: ../../../../../../Users/Graphic.SJH519-000W/Documents/GitHub/GameJam4/StealthProject/Content/FMOD/Desktop/Footsteps.bank
[2019.11.26-19.51.16:375][  1]LogFMOD: Loading bank: ../../../../../../Users/Graphic.SJH519-000W/Documents/GitHub/GameJam4/StealthProject/Content/FMOD/Desktop/Monster.bank
[2019.11.26-19.51.16:517][  1]LogFMOD: Default sample rate = 48000
[2019.11.26-19.51.16:517][  1]LogFMOD: System sample rate = 48000
[2019.11.26-19.51.16:517][  1]LogFMOD: Matching system sample rate 48000
[2019.11.26-19.51.16:529][  1]LogFMOD: Loading bank: ../../../../../../Users/Graphic.SJH519-000W/Documents/GitHub/GameJam4/StealthProject/Content/FMOD/Desktop/Ambiance.bank
[2019.11.26-19.51.16:529][  1]LogFMOD: Loading bank: ../../../../../../Users/Graphic.SJH519-000W/Documents/GitHub/GameJam4/StealthProject/Content/FMOD/Desktop/Footsteps.bank
[2019.11.26-19.51.16:529][  1]LogFMOD: Loading bank: ../../../../../../Users/Graphic.SJH519-000W/Documents/GitHub/GameJam4/StealthProject/Content/FMOD/Desktop/Monster.bank
[2019.11.26-19.51.16:581][  1]LogFileCache: Retrieving MD5 hashes for directory 'C:/Users/Graphic.SJH519-000W/Documents/GitHub/GameJam4/StealthProject/Content/' took 0.42s
[2019.11.26-19.51.17:288][ 11]LogSlate: Took 0.004445 seconds to synchronously load lazily loaded font '../../../Engine/Content/Slate/Fonts/Roboto-Light.ttf' (167K)
[2019.11.26-19.51.17:353][ 12]LogAssetRegistry: Asset discovery search completed in 6.4630 seconds
[2019.11.26-19.51.17:357][ 12]LogCollectionManager: Rebuilt the object cache for 0 collections in 0.000004 seconds (found 0 objects)
[2019.11.26-19.51.17:357][ 12]LogCollectionManager: Fixed up redirectors for 0 collections in 0.000048 seconds (updated 0 objects)
